C51 COMPILER V9.54   MIAN                                                                  11/11/2022 19:32:17 PAGE 1   


C51 COMPILER V9.54, COMPILATION OF MODULE MIAN
OBJECT MODULE PLACED IN .\Objects\mian.obj
COMPILER INVOKED BY: C:\mywinapp\keil5\C51\BIN\C51.EXE mian.c OPTIMIZE(8,SPEED) BROWSE DEBUG OBJECTEXTEND PRINT(.\Listin
                    -gs\mian.lst) TABS(2) OBJECT(.\Objects\mian.obj)

line level    source

   1          
   2          #include <REGX52.H>
   3          #include"LCD1602.h"
   4          // void main  ()
   5          // {
   6          
   7          // }


MODULE INFORMATION:   STATIC OVERLAYABLE
   CODE SIZE        =   ----    ----
   CONSTANT SIZE    =   ----    ----
   XDATA SIZE       =   ----    ----
   PDATA SIZE       =   ----    ----
   DATA SIZE        =   ----    ----
   IDATA SIZE       =   ----    ----
   BIT SIZE         =   ----    ----
END OF MODULE INFORMATION.


C51 COMPILATION COMPLETE.  0 WARNING(S),  0 ERROR(S)
