C51 COMPILER V9.54   TIMER0INIT                                                            11/11/2022 15:03:44 PAGE 1   


C51 COMPILER V9.54, COMPILATION OF MODULE TIMER0INIT
OBJECT MODULE PLACED IN .\Objects\Timer0Init.obj
COMPILER INVOKED BY: C:\mywinapp\keil5\C51\BIN\C51.EXE Timer0Init.c OPTIMIZE(8,SPEED) BROWSE DEBUG OBJECTEXTEND PRINT(.\
                    -Listings\Timer0Init.lst) TABS(2) OBJECT(.\Objects\Timer0Init.obj)

line level    source

   1          #include <REGX52.H>
   2          // 1毫秒@11.0592MHz
   3          void Timer0Init() // 1毫秒@11.0592MHz
   4          {
   5   1        //定时器时钟1T模式
   6   1            //定时器时钟1T模式
   7   1        TMOD &= 0xF0;   //设置定时器模式
   8   1        TL0 = 0xCD;   //设置定时初始值
   9   1        TH0 = 0xD4;   //设置定时初始值
  10   1        TF0 = 0;    //清除TF0标志
  11   1        TR0 = 1;    //定时器0开始计时
  12   1      
  13   1      
  14   1        
  15   1        //运行中断设置
  16   1        ET0 = 1; //开启中断
  17   1        EA = 1;  //在中段函数中,TF0会自动置0
  18   1        PT0 = 0;
  19   1      }
  20          
  21          
  22          
  23          
  24          
  25          
  26          
  27          
  28          
  29          
  30          
  31          //不用判断溢出
  32          /*定时器中断函数模板
  33          void Timer0_Routine() interrupt 1
  34          {
  35            static unsigned int T0Count;
  36            TL0 = 0x18;   //设置定时初值
  37            TH0 = 0xFC;   //设置定时初值
  38            T0Count++;
  39            if(T0Count>=1000)
  40            {
  41              T0Count=0;
  42          
  43            }
  44          }
  45          */
  46          
  47          // void Timer1Init(void) // 50ms
  48          // {
  49          //  TR1 = 1;   //启动定时器1
  50          //  TMOD = 0x10; // T1为定时器,工作模式为16位模式
  51          //  TH1 = 0x4b;//两个组成,就是TH1,TL1共同组成一个16位
  52          //  TL1 = 0xfc; ////0x4bfc  定时50ms
  53          // }
  54          
C51 COMPILER V9.54   TIMER0INIT                                                            11/11/2022 15:03:44 PAGE 2   

  55          // TF1 == 1//是否溢出,每溢出一次是50ms
  56          /*if(TF1 == 1)判断T1是否溢出
  57                {
  58                  TH1 = 0x4b;
  59                  TL1 = 0xfc;//清零
  60                  TF1 = 0;//手动把溢出位置0
  61          
  62                }*/


MODULE INFORMATION:   STATIC OVERLAYABLE
   CODE SIZE        =     20    ----
   CONSTANT SIZE    =   ----    ----
   XDATA SIZE       =   ----    ----
   PDATA SIZE       =   ----    ----
   DATA SIZE        =   ----    ----
   IDATA SIZE       =   ----    ----
   BIT SIZE         =   ----    ----
END OF MODULE INFORMATION.


C51 COMPILATION COMPLETE.  0 WARNING(S),  0 ERROR(S)
