C51 COMPILER V9.54   XPT2046                                                               11/14/2022 11:37:32 PAGE 1   


C51 COMPILER V9.54, COMPILATION OF MODULE XPT2046
OBJECT MODULE PLACED IN .\Objects\XPT2046.obj
COMPILER INVOKED BY: C:\mywinapp\keil5\C51\BIN\C51.EXE XPT2046.c OPTIMIZE(8,SPEED) BROWSE DEBUG OBJECTEXTEND PRINT(.\Lis
                    -tings\XPT2046.lst) TABS(2) OBJECT(.\Objects\XPT2046.obj)

line level    source

   1          #include <REGX52.H>
   2          #include <INTRINS.H>
   3          sbit CS = P3 ^ 7;         //选择传感器
   4          sbit SDA = P2 ^ 0;        //数据输入
   5          sbit SCL = P2 ^ 1;        //时钟线
   6          sbit DOUT = P2 ^ 5;       //数据输出
   7          #define XPT2046_VBAT 0xAC //旋钮//1010 1100
   8          #define XPT2046_AUX 0xEC  //热敏电阻
   9          #define XPT2046_XP 0x9C   //光敏电阻  //0xBC
  10          #define XPT2046_YP 0xDC   // 8位模式
  11          
  12          void Delayms(int num) //@11.0592MHz
  13          {
  14   1          unsigned char i, j;
  15   1          while (num--)
  16   1          {
  17   2              _nop_();
  18   2              _nop_();
  19   2              _nop_();
  20   2              i = 11;
  21   2              j = 190;
  22   2              do
  23   2              {
  24   3                  while (--j)
  25   3                      ;
  26   3              } while (--i);
  27   2          }
  28   1      }
  29          
  30          int XPT2046_get_data(char command)
  31          {
  32   1          char i;
  33   1          int mydata = 0; // 16位
  34   1          CS = 0;         //低电平有效
  35   1          for (i = 0; i < 8; i++)
  36   1          { //低电平放数据在数据线上,高电平写入
  37   2              SCL = 0;
  38   2              SDA = command & (0x80 >> i);
  39   2              SCL = 1;
  40   2          }
  41   1          Delayms(10);
  42   1      
  43   1          for (i = 0; i < 8; i++)
  44   1          { //高电平放数据在数据线上,低电平写入
  45   2          //8位模式
  46   2              SCL = 1;
  47   2              SCL = 0;
  48   2              if (DOUT)
  49   2      
  50   2              {
  51   3                  mydata |= (0x80 >> i);
  52   3              }
  53   2          }
  54   1          CS = 1;
C51 COMPILER V9.54   XPT2046                                                               11/14/2022 11:37:32 PAGE 2   

  55   1          return mydata;
  56   1      }
  57          // #include"LCD1602.h"
  58          // void main (){
  59          // LCD_Init();
  60          // while (1)
  61          // {
  62          //     LCD_ShowNum(1,1,XPT2046_get_data(XPT2046_VBAT        ),4);
  63          //     Delayms(100);
  64          
  65          // }
  66          
  67          // }


MODULE INFORMATION:   STATIC OVERLAYABLE
   CODE SIZE        =    125    ----
   CONSTANT SIZE    =   ----    ----
   XDATA SIZE       =   ----    ----
   PDATA SIZE       =   ----    ----
   DATA SIZE        =   ----       2
   IDATA SIZE       =   ----    ----
   BIT SIZE         =   ----    ----
END OF MODULE INFORMATION.


C51 COMPILATION COMPLETE.  0 WARNING(S),  0 ERROR(S)
